any,1
yet,1
received,1
any,1
of,1
of,1
brood,1
on,1
of,1
and,1
money,1
and,1
spending,1
it,1
guidance,1
of,1
she,1
entertained,1
herself,1
besides,1
youth,1
hands,1
off,1
tongue,1
torn,1
pincers,1
and,1
body,1
burned,1
alive,1
he,1
rain,1
procession,1
of,1
passed,1
within,1
of,1
it,1
rooted,1
of,1
and,1
growing,1
death,1
already,1
marked,1
come,1
and,1
and,1
it,1
it,1
of,1
of,1
adjacent,1
paris,1
from,1
day,1
bespattered,1
rustic,1
pigs,1
and,1
roosted,1
death,1
already,1
of,1
and,1
and,1
them,1
muffled,1
entertain,1
any,1
and,1
traitorous,1
england,1
an,1
of,1
and,1
much,1
daring,1
burglaries,1
men,1
and,1
highway,1
place,1
cautioned,1
of,1
upholsterers,1
tradesman,1
and,1
recognised,1
and,1
he,1
stopped,1
of,1
