through,1
less,1
to,1
sister,1
with,1
smoothness,1
down,1
making,1
with,1
achievements,1
a,1
to,1
his,1
cut,1
his,1
out,1
with,1
his,1
kneeled,1
down,1
to,1
honour,1
to,1
a,1
dirty,1
monks,1
his,1
view,1
at,1
a,1
fifty,1
yards,1
is,1
likely,1
that,1
that,1
was,1
to,1
woodman,1
fate,1
to,1
down,1
be,1
boards,1
to,1
a,1
certain,1
movable,1
framework,1
with,1
a,1
a,1
history,1
is,1
likely,1
that,1
rough,1
outhouses,1
tillers,1
heavy,1
lands,1
to,1
weather,1
that,1
very,1
with,1
farmer,1
to,1
be,1
his,1
revolution,1
that,1
woodman,1
that,1
farmer,1
work,1
work,1
silently,1
with,1
tread,1
forasmuch,1
to,1
that,1
was,1
to,1
be,1
was,1
to,1
boasting,1
capital,1
itself,1
families,1
to,1
out,1
their,1
furniture,1
to,1
warehouses,1
security,1
was,1
a,1
being,1
his,1
his,1
