communications,1
the,1
chickens,1
the,1
cocklane,1
france,1
favoured,1
the,1
whole,1
as,1
matters,1
spiritual,1
her,1
the,1
shield,1
rolled,1
exceeding,1
paper,1
the,1
her,1
christian,1
pastors,1
such,1
as,1
sentencing,1
have,1
not,1
in,1
the,1
do,1
which,1
distance,1
or,1
sixty,1
in,1
the,1
woods,1
france,1
norway,1
trees,1
when,1
sufferer,1
put,1
by,1
the,1
sack,1
in,1
in,1
in,1
the,1
the,1
sheltered,1
the,1
carts,1
mire,1
snuffed,1
about,1
by,1
in,1
by,1
poultry,1
which,1
the,1
apart,1
tumbrils,1
the,1
but,1
though,1
no,1
heard,1
as,1
about,1
the,1
rather,1
as,1
in,1
scarcely,1
order,1
national,1
by,1
in,1
the,1
publicly,1
not,1
go,1
removing,1
for,1
the,1
in,1
the,1
dark,1
in,1
the,1
light,1
by,1
whom,1
in,1
the,1
gallantly,1
sho,1
