a,1
a,1
a,1
a,1
a,1
a,1
a,1
a,1
a,1
a,1
a,1
a,1
a,1
a,1
a,1
a,1
a,1
a,1
a,1
a,1
a,1
a,1
a,1
achievements,1
all,1
all,1
all,1
all,1
among,1
among,1
announcing,1
at,1
at,1
at,1
at,1
at,1
at,1
atrocious,1
battles,1
be,1
be,1
be,1
been,1
been,1
being,1
being,1
boards,1
boasting,1
burning,1
burning,1
capital,1
certain,1
charles,1
common,1
consequence,1
countries,1
court,1
criminals,1
cut,1
deficient,1
despoiled,1
direct,1
direct,1
dirty,1
door,1
down,1
down,1
down,1
dozen,1
dozen,1
epoch,1
epoch,1
failure,1
families,1
farmer,1
farmer,1
farmer,1
fate,1
fifty,1
first,1
fiveandtwentieth,1
foolishness,1
forasmuch,1
framework,1
furniture,1
gaols,1
general,1
goods,1
greatnesses,1
heaven,1
heavy,1
heralded,1
his,1
his,1
his,1
his,1
his,1
his,1
his,1
his,1
his,1
history,1
honour,1
hope,1
housebreaker,1
i,1
ii,1
is,1
is,1
itself,1
kneeled,1
lands,1
last,1
less,1
likely,1
likely,1
making,1
midst,1
monks,1
movable,1
murderer,1
noble,1
nothing,1
now,1
now,1
now,1
now,1
old,1
out,1
out,1
out,1
out,1
out,1
outhouses,1
pamphlets,1
peace,1
period,1
period,1
period,1
period,1
present,1
recently,1
relate,1
requisition,1
revelations,1
revolution,1
rode,1
rough,1
search,1
security,1
shot,1
shot,1
shot,1
silently,1
sister,1
smoothness,1
snipped,1
strange,1
superlative,1
supernaturally,1
taken,1
taking,1
tale,1
that,1
that,1
that,1
that,1
that,1
that,1
that,1
that,1
that,1
that,1
that,1
that,1
that,1
their,1
their,1
their,1
their,1
thieves,1
thousand,1
thousand,1
thousand,1
thousand,1
through,1
through,1
tillers,1
times,1
times,1
to,1
to,1
to,1
to,1
to,1
to,1
to,1
to,1
to,1
to,1
to,1
to,1
to,1
to,1
to,1
to,1
to,1
to,1
to,1
to,1
to,1
to,1
to,1
to,1
tread,1
two,1
two,1
two,1
unheeded,1
very,1
very,1
view,1
warehouses,1
was,1
was,1
was,1
was,1
was,1
was,1
was,1
was,1
was,1
was,1
was,1
was,1
was,1
was,1
was,1
was,1
was,1
was,1
was,1
was,1
was,1
weather,1
westminster,1
westminster,1
with,1
with,1
with,1
with,1
with,1
with,1
with,1
with,1
with,1
with,1
with,1
with,1
with,1
with,1
woodman,1
woodman,1
woodman,1
work,1
work,1
worked,1
yards,1
