after,1
after,1
age,1
age,1
amount,1
appearance,1
armed,1
atheistical,1
awake,1
ball,1
because,1
best,1
blessed,1
boy,1
british,1
captain,1
carried,1
challenged,1
character,1
chronicle,1
city,1
clearer,1
creature,1
crown,1
dear,1
deliver,1
despair,1
english,1
enough,1
enough,1
enough,1
environed,1
ever,1
ever,1
ever,1
every,1
face,1
face,1
fair,1
fair,1
fellowtradesman,1
fishes,1
fought,1
four,1
going,1
going,1
got,1
had,1
had,1
had,1
had,1
had,1
had,1
had,1
had,1
had,1
had,1
hand,1
hand,1
highwayman,1
highwayman,1
hill,1
humane,1
illustrious,1
incredulity,1
insisted,1
into,1
into,1
justify,1
knife,1
lately,1
lord,1
lord,1
make,1
mere,1
mrs,1
musketeers,1
musketeers,1
musketeers,1
newgate,1
night,1
occurrences,1
one,1
one,1
one,1
one,1
one,1
only,1
only,1
our,1
pass,1
people,1
people,1
pilferer,1
plain,1
plain,1
prophetic,1
protection,1
proved,1
race,1
rapping,1
robberies,1
robbers,1
round,1
rows,1
rude,1
sawn,1
set,1
seven,1
seven,1
seven,1
seven,1
seventyfive,1
seventyfive,1
seventyfive,1
short,1
some,1
some,1
some,1
spirits,1
spring,1
stand,1
state,1
sublime,1
suspicion,1
t,1
terrible,1
than,1
than,1
than,1
than,1
theirs,1
then,1
there,1
there,1
there,1
there,1
there,1
they,1
they,1
they,1
this,1
this,1
this,1
thus,1
took,1
town,1
trident,1
turkeys,1
unceasingly,1
under,1
us,1
us,1
useless,1
way,1
way,1
went,1
went,1
were,1
were,1
were,1
were,1
were,1
were,1
were,1
were,1
were,1
were,1
were,1
while,1
wisdom,1
without,1
worst,1
wretched,1
