him,1
and,1
mail,1
and,1
guard,1
three,1
and,1
of,1
of,1
ammunition,1
mail,1
robbed,1
potentate,1
of,1
and,1
on,1
green,1
of,1
retinue,1
prisoners,1
and,1
of,1
law,1
fired,1
them,1
loaded,1
of,1
and,1
off,1
crosses,1
from,1
of,1
lords,1
and,1
fired,1
on,1
and,1
on,1
and,1
nobody,1
any,1
of,1
these,1
much,1
of,1
of,1
them,1
and,1
worse,1
constant,1
stringing,1
up,1
long,1
of,1
on,1
saturday,1
on,1
tuesday,1
and,1
of,1
today,1
of,1
an,1
and,1
of,1
robbed,1
of,1
sixpence,1
these,1
and,1
them,1
came,1
and,1
upon,1
year,1
hundred,1
and,1
them,1
and,1
those,1
of,1
large,1
jaws,1
and,1
those,1
of,1
and,1
faces,1
and,1
did,1
year,1
hundred,1
and,1
conduct,1
and,1
myriads,1
of,1
of,1
rest,1
along,1
roads,1
lay,1
before,1
them,1
