through,1
rode,1
was,1
shot,1
shot,1
consequence,1
failure,1
his,1
was,1
peace,1
that,1
was,1
to,1
despoiled,1
all,1
his,1
gaols,1
battles,1
with,1
their,1
among,1
with,1
shot,1
thieves,1
snipped,1
noble,1
at,1
court,1
to,1
search,1
goods,1
out,1
common,1
midst,1
was,1
requisition,1
now,1
criminals,1
now,1
a,1
housebreaker,1
been,1
taken,1
now,1
burning,1
at,1
dozen,1
now,1
burning,1
pamphlets,1
at,1
door,1
westminster,1
taking,1
atrocious,1
murderer,1
a,1
a,1
all,1
a,1
thousand,1
to,1
old,1
thousand,1
woodman,1
farmer,1
worked,1
unheeded,1
two,1
two,1
with,1
their,1
with,1
a,1
thousand,1
their,1
greatnesses,1
among,1
that,1
ii,1
