the,1
head,1
away,1
the,1
waylaid,1
by,1
the,1
dead,1
dead,1
himself,1
by,1
the,1
other,1
in,1
the,1
which,1
the,1
in,1
magnificent,1
the,1
mayor,1
london,1
made,1
turnham,1
by,1
who,1
the,1
in,1
sight,1
in,1
london,1
the,1
majesty,1
the,1
blunderbusses,1
in,1
rounds,1
diamond,1
the,1
necks,1
drawingrooms,1
st,1
giless,1
for,1
contraband,1
the,1
mob,1
the,1
the,1
fir,1
the,1
mob,1
thought,1
the,1
in,1
the,1
the,1
hangman,1
busy,1
in,1
miscellaneous,1
hanging,1
who,1
in,1
the,1
by,1
the,1
the,1
hall,1
the,1
life,1
tomorrow,1
who,1
farmers,1
things,1
like,1
in,1
close,1
the,1
by,1
the,1
the,1
the,1
other,1
the,1
the,1
trod,1
stir,1
divine,1
rights,1
high,1
the,1
small,1
creatures,1
the,1
creatures,1
the,1
the,1
