a,23
achievements,1
all,4
among,2
announcing,1
at,6
atrocious,1
battles,1
be,3
been,2
being,2
boards,1
boasting,1
burning,2
capital,1
certain,1
charles,1
common,1
consequence,1
countries,1
court,1
criminals,1
cut,1
deficient,1
despoiled,1
direct,2
dirty,1
door,1
down,3
dozen,2
epoch,2
failure,1
families,1
farmer,3
fate,1
fifty,1
first,1
fiveandtwentieth,1
foolishness,1
forasmuch,1
framework,1
furniture,1
gaols,1
general,1
goods,1
greatnesses,1
heaven,1
heavy,1
heralded,1
his,9
history,1
honour,1
hope,1
housebreaker,1
i,1
ii,1
is,2
itself,1
kneeled,1
lands,1
last,1
less,1
likely,2
making,1
midst,1
monks,1
movable,1
murderer,1
noble,1
nothing,1
now,4
old,1
out,5
outhouses,1
pamphlets,1
peace,1
period,4
present,1
recently,1
relate,1
requisition,1
revelations,1
revolution,1
rode,1
rough,1
search,1
security,1
shot,3
silently,1
sister,1
smoothness,1
snipped,1
strange,1
superlative,1
supernaturally,1
taken,1
taking,1
tale,1
that,13
their,4
thieves,1
thousand,4
through,2
tillers,1
times,2
to,24
tread,1
two,3
unheeded,1
very,2
view,1
warehouses,1
was,21
weather,1
westminster,2
with,14
woodman,3
work,2
worked,1
yards,1
