after,2
age,2
amount,1
appearance,1
armed,1
atheistical,1
awake,1
ball,1
because,1
best,1
blessed,1
boy,1
british,1
captain,1
carried,1
challenged,1
character,1
chronicle,1
city,1
clearer,1
creature,1
crown,1
dear,1
deliver,1
despair,1
english,1
enough,3
environed,1
ever,3
every,1
face,2
fair,2
fellowtradesman,1
fishes,1
fought,1
four,1
going,2
got,1
had,10
hand,2
highwayman,2
hill,1
humane,1
illustrious,1
incredulity,1
insisted,1
into,2
justify,1
knife,1
lately,1
lord,2
make,1
mere,1
mrs,1
musketeers,3
newgate,1
night,1
occurrences,1
one,5
only,2
our,1
pass,1
people,2
pilferer,1
plain,2
prophetic,1
protection,1
proved,1
race,1
rapping,1
robberies,1
robbers,1
round,1
rows,1
rude,1
sawn,1
set,1
seven,4
seventyfive,3
short,1
some,3
spirits,1
spring,1
stand,1
state,1
sublime,1
suspicion,1
t,1
terrible,1
than,4
theirs,1
then,1
there,5
they,3
this,3
thus,1
took,1
town,1
trident,1
turkeys,1
unceasingly,1
under,1
us,2
useless,1
way,2
went,2
were,11
while,1
wisdom,1
without,1
worst,1
wretched,1
