about,2
apart,1
as,6
attained,1
authorities,1
away,1
birthday,1
blunderbusses,1
book,1
both,1
busy,1
but,1
by,12
carts,1
chickens,1
christian,1
close,1
cocklane,2
communications,1
comparison,1
congress,1
contraband,1
creatures,2
dark,1
dead,2
diamond,1
distance,1
divine,1
do,1
drawingrooms,1
earthly,1
events,1
everything,1
evil,1
exceeding,1
farmers,1
favoured,2
fir,1
for,6
france,3
gallantly,1
ghost,1
giless,1
go,1
hall,1
hanging,1
hangman,1
have,2
head,1
heard,1
her,3
high,1
himself,1
in,28
its,3
jaw,2
king,2
laid,1
life,3
light,2
like,2
london,3
made,2
magnificent,1
majesty,1
matters,1
mayor,1
mire,1
miscellaneous,1
mob,2
national,1
necks,1
no,1
norway,1
not,2
or,2
order,2
originality,1
other,3
paper,1
pastors,1
poultry,1
preserves,1
publicly,1
put,1
queen,2
rapped,1
rather,1
removing,1
rights,1
rolled,1
rounds,1
sack,1
scarcely,1
sentencing,1
sheltered,1
shield,1
sho,1
sight,1
sixty,1
small,1
snuffed,1
spiritual,2
st,1
stir,1
such,1
sufferer,1
the,80
things,2
though,1
thought,1
tomorrow,1
trees,1
trod,1
tumbrils,1
turnham,1
waylaid,1
we,4
when,1
which,4
who,3
whole,1
whom,2
winter,1
woods,1
years,1
