him,1
and,1
mail,1
and,1
guard,1
three,1
and,1
of,1
of,1
ammunition,1
mail,1
robbed,1
potentate,1
of,1
and,1
on,1
green,1
of,1
retinue,1
prisoners,1
and,1
of,1
law,1
fired,1
them,1
loaded,1
of,1
and,1
off,1
crosses,1
from,1
of,1
lords,1
and,1
fired,1
on,1
and,1
on,1
and,1
nobody,1
any,1
of,1
these,1
much,1
of,1
of,1
them,1
and,1
worse,1
constant,1
stringing,1
up,1
long,1
of,1
on,1
saturday,1
on,1
tuesday,1
and,1
of,1
today,1
of,1
an,1
and,1
of,1
robbed,1
of,1
sixpence,1
these,1
and,1
them,1
came,1
and,1
upon,1
year,1
hundred,1
and,1
them,1
and,1
those,1
of,1
large,1
jaws,1
and,1
those,1
of,1
and,1
faces,1
and,1
did,1
year,1
hundred,1
and,1
conduct,1
and,1
myriads,1
of,1
of,1
rest,1
along,1
roads,1
lay,1
before,1
them,1
any,1
yet,1
received,1
any,1
of,1
of,1
brood,1
on,1
of,1
and,1
money,1
and,1
spending,1
it,1
guidance,1
of,1
she,1
entertained,1
herself,1
besides,1
youth,1
hands,1
off,1
tongue,1
torn,1
pincers,1
and,1
body,1
burned,1
alive,1
he,1
rain,1
procession,1
of,1
passed,1
within,1
of,1
it,1
rooted,1
of,1
and,1
growing,1
death,1
already,1
marked,1
come,1
and,1
and,1
it,1
it,1
of,1
of,1
adjacent,1
paris,1
from,1
day,1
bespattered,1
rustic,1
pigs,1
and,1
roosted,1
death,1
already,1
of,1
and,1
and,1
them,1
muffled,1
entertain,1
any,1
and,1
traitorous,1
england,1
an,1
of,1
and,1
much,1
daring,1
burglaries,1
men,1
and,1
highway,1
place,1
cautioned,1
of,1
upholsterers,1
tradesman,1
and,1
recognised,1
and,1
he,1
stopped,1
of,1
1859,1
of,1
cities,1
dickens,1
recalled,1
it,1
of,1
it,1
of,1
it,1
of,1
it,1
of,1
it,1
of,1
belief,1
it,1
of,1
it,1
season,1
of,1
it,1
season,1
of,1
darkness,1
it,1
of,1
it,1
of,1
before,1
before,1
so,1
far,1
of,1
noisiest,1
on,1
received,1
good,1
degree,1
of,1
large,1
and,1
on,1
throne,1
of,1
england,1
large,1
and,1
on,1
throne,1
of,1
it,1
crystal,1
lords,1
of,1
of,1
loaves,1
and,1
settled,1
it,1
year,1
of,1
hundred,1
and,1
conceded,1
england,1
southcott,1
of,1
private,1
guards,1
arrangements,1
swallowing,1
up,1
of,1
and,1
even,1
of,1
messages,1
of,1
year,1
past,1
messages,1
of,1
come,1
and,1
from,1
of,1
subjects,1
america,1
more,1
important,1
human,1
