through,1
rode,1
was,1
shot,1
shot,1
consequence,1
failure,1
his,1
was,1
peace,1
that,1
was,1
to,1
despoiled,1
all,1
his,1
gaols,1
battles,1
with,1
their,1
among,1
with,1
shot,1
thieves,1
snipped,1
noble,1
at,1
court,1
to,1
search,1
goods,1
out,1
common,1
midst,1
was,1
requisition,1
now,1
criminals,1
now,1
a,1
housebreaker,1
been,1
taken,1
now,1
burning,1
at,1
dozen,1
now,1
burning,1
pamphlets,1
at,1
door,1
westminster,1
taking,1
atrocious,1
murderer,1
a,1
a,1
all,1
a,1
thousand,1
to,1
old,1
thousand,1
woodman,1
farmer,1
worked,1
unheeded,1
two,1
two,1
with,1
their,1
with,1
a,1
thousand,1
their,1
greatnesses,1
among,1
that,1
ii,1
through,1
less,1
to,1
sister,1
with,1
smoothness,1
down,1
making,1
with,1
achievements,1
a,1
to,1
his,1
cut,1
his,1
out,1
with,1
his,1
kneeled,1
down,1
to,1
honour,1
to,1
a,1
dirty,1
monks,1
his,1
view,1
at,1
a,1
fifty,1
yards,1
is,1
likely,1
that,1
that,1
was,1
to,1
woodman,1
fate,1
to,1
down,1
be,1
boards,1
to,1
a,1
certain,1
movable,1
framework,1
with,1
a,1
a,1
history,1
is,1
likely,1
that,1
rough,1
outhouses,1
tillers,1
heavy,1
lands,1
to,1
weather,1
that,1
very,1
with,1
farmer,1
to,1
be,1
his,1
revolution,1
that,1
woodman,1
that,1
farmer,1
work,1
work,1
silently,1
with,1
tread,1
forasmuch,1
to,1
that,1
was,1
to,1
be,1
was,1
to,1
boasting,1
capital,1
itself,1
families,1
to,1
out,1
their,1
furniture,1
to,1
warehouses,1
security,1
was,1
a,1
being,1
his,1
his,1
tale,1
two,1
charles,1
first,1
to,1
i,1
period,1
was,1
times,1
was,1
times,1
was,1
was,1
foolishness,1
was,1
epoch,1
was,1
epoch,1
was,1
was,1
was,1
hope,1
was,1
nothing,1
all,1
direct,1
to,1
heaven,1
all,1
direct,1
period,1
was,1
present,1
period,1
that,1
being,1
superlative,1
a,1
with,1
a,1
a,1
with,1
a,1
a,1
with,1
a,1
a,1
with,1
a,1
countries,1
was,1
to,1
that,1
general,1
was,1
thousand,1
revelations,1
to,1
at,1
that,1
period,1
at,1
recently,1
fiveandtwentieth,1
a,1
heralded,1
announcing,1
that,1
westminster,1
been,1
a,1
dozen,1
out,1
very,1
last,1
supernaturally,1
deficient,1
out,1
to,1
a,1
strange,1
to,1
relate,1
to,1
