t,1
seven,1
robbers,1
then,1
got,1
four,1
after,1
lord,1
stand,1
deliver,1
one,1
highwayman,1
illustrious,1
creature,1
fought,1
turkeys,1
ball,1
musketeers,1
went,1
into,1
musketeers,1
musketeers,1
occurrences,1
way,1
ever,1
ever,1
than,1
useless,1
rows,1
had,1
people,1
hand,1
newgate,1
wretched,1
pilferer,1
had,1
boy,1
pass,1
dear,1
one,1
seven,1
seventyfive,1
environed,1
while,1
plain,1
fair,1
enough,1
carried,1
hand,1
thus,1
one,1
seven,1
seventyfive,1
this,1
chronicle,1
than,1
trident,1
hill,1
under,1
humane,1
because,1
had,1
some,1
enough,1
there,1
were,1
sawn,1
into,1
make,1
knife,1
terrible,1
enough,1
some,1
there,1
were,1
rude,1
had,1
set,1
they,1
unceasingly,1
one,1
they,1
went,1
suspicion,1
they,1
were,1
awake,1
atheistical,1
there,1
amount,1
protection,1
justify,1
armed,1
robberies,1
took,1
every,1
night,1
were,1
town,1
without,1
highwayman,1
city,1
challenged,1
fellowtradesman,1
character,1
captain,1
best,1
worst,1
age,1
wisdom,1
age,1
incredulity,1
spring,1
despair,1
had,1
us,1
had,1
us,1
were,1
going,1
were,1
going,1
way,1
short,1
some,1
insisted,1
only,1
there,1
were,1
plain,1
face,1
there,1
were,1
fair,1
face,1
clearer,1
than,1
state,1
fishes,1
were,1
ever,1
our,1
lord,1
one,1
seven,1
seventyfive,1
were,1
this,1
mrs,1
had,1
blessed,1
prophetic,1
had,1
sublime,1
appearance,1
were,1
had,1
only,1
round,1
after,1
rapping,1
spirits,1
this,1
theirs,1
mere,1
had,1
lately,1
english,1
crown,1
people,1
british,1
proved,1
race,1
than,1
