the,1
head,1
away,1
the,1
waylaid,1
by,1
the,1
dead,1
dead,1
himself,1
by,1
the,1
other,1
in,1
the,1
which,1
the,1
in,1
magnificent,1
the,1
mayor,1
london,1
made,1
turnham,1
by,1
who,1
the,1
in,1
sight,1
in,1
london,1
the,1
majesty,1
the,1
blunderbusses,1
in,1
rounds,1
diamond,1
the,1
necks,1
drawingrooms,1
st,1
giless,1
for,1
contraband,1
the,1
mob,1
the,1
the,1
fir,1
the,1
mob,1
thought,1
the,1
in,1
the,1
the,1
hangman,1
busy,1
in,1
miscellaneous,1
hanging,1
who,1
in,1
the,1
by,1
the,1
the,1
hall,1
the,1
life,1
tomorrow,1
who,1
farmers,1
things,1
like,1
in,1
close,1
the,1
by,1
the,1
the,1
the,1
other,1
the,1
the,1
trod,1
stir,1
divine,1
rights,1
high,1
the,1
small,1
creatures,1
the,1
creatures,1
the,1
the,1
communications,1
the,1
chickens,1
the,1
cocklane,1
france,1
favoured,1
the,1
whole,1
as,1
matters,1
spiritual,1
her,1
the,1
shield,1
rolled,1
exceeding,1
paper,1
the,1
her,1
christian,1
pastors,1
such,1
as,1
sentencing,1
have,1
not,1
in,1
the,1
do,1
which,1
distance,1
or,1
sixty,1
in,1
the,1
woods,1
france,1
norway,1
trees,1
when,1
sufferer,1
put,1
by,1
the,1
sack,1
in,1
in,1
in,1
the,1
the,1
sheltered,1
the,1
carts,1
mire,1
snuffed,1
about,1
by,1
in,1
by,1
poultry,1
which,1
the,1
apart,1
tumbrils,1
the,1
but,1
though,1
no,1
heard,1
as,1
about,1
the,1
rather,1
as,1
in,1
scarcely,1
order,1
national,1
by,1
in,1
the,1
publicly,1
not,1
go,1
removing,1
for,1
the,1
in,1
the,1
dark,1
in,1
the,1
light,1
by,1
whom,1
in,1
the,1
gallantly,1
sho,1
by,1
book,1
the,1
life,1
the,1
the,1
the,1
the,1
the,1
the,1
the,1
the,1
light,1
the,1
the,1
the,1
winter,1
we,1
everything,1
we,1
we,1
we,1
the,1
other,1
in,1
the,1
like,1
the,1
its,1
authorities,1
its,1
for,1
or,1
for,1
evil,1
in,1
the,1
comparison,1
king,1
jaw,1
queen,1
the,1
king,1
jaw,1
queen,1
the,1
france,1
in,1
both,1
the,1
the,1
preserves,1
things,1
in,1
for,1
the,1
spiritual,1
favoured,1
as,1
attained,1
her,1
birthday,1
whom,1
in,1
the,1
life,1
the,1
by,1
made,1
for,1
the,1
london,1
the,1
cocklane,1
ghost,1
laid,1
years,1
its,1
as,1
the,1
in,1
originality,1
rapped,1
in,1
the,1
earthly,1
order,1
events,1
the,1
congress,1
in,1
which,1
have,1
the,1
