1859,1
of,1
cities,1
dickens,1
recalled,1
it,1
of,1
it,1
of,1
it,1
of,1
it,1
of,1
it,1
of,1
belief,1
it,1
of,1
it,1
season,1
of,1
it,1
season,1
of,1
darkness,1
it,1
of,1
it,1
of,1
before,1
before,1
so,1
far,1
of,1
noisiest,1
on,1
received,1
good,1
degree,1
of,1
large,1
and,1
on,1
throne,1
of,1
england,1
large,1
and,1
on,1
throne,1
of,1
it,1
crystal,1
lords,1
of,1
of,1
loaves,1
and,1
settled,1
it,1
year,1
of,1
hundred,1
and,1
conceded,1
england,1
southcott,1
of,1
private,1
guards,1
arrangements,1
swallowing,1
up,1
of,1
and,1
even,1
of,1
messages,1
of,1
year,1
past,1
messages,1
of,1
come,1
and,1
from,1
of,1
subjects,1
america,1
more,1
important,1
human,1
