tale,1
two,1
charles,1
first,1
to,1
i,1
period,1
was,1
times,1
was,1
times,1
was,1
was,1
foolishness,1
was,1
epoch,1
was,1
epoch,1
was,1
was,1
was,1
hope,1
was,1
nothing,1
all,1
direct,1
to,1
heaven,1
all,1
direct,1
period,1
was,1
present,1
period,1
that,1
being,1
superlative,1
a,1
with,1
a,1
a,1
with,1
a,1
a,1
with,1
a,1
a,1
with,1
a,1
countries,1
was,1
to,1
that,1
general,1
was,1
thousand,1
revelations,1
to,1
at,1
that,1
period,1
at,1
recently,1
fiveandtwentieth,1
a,1
heralded,1
announcing,1
that,1
westminster,1
been,1
a,1
dozen,1
out,1
very,1
last,1
supernaturally,1
deficient,1
out,1
to,1
a,1
strange,1
to,1
relate,1
to,1
