best,1
worst,1
age,1
wisdom,1
age,1
incredulity,1
spring,1
despair,1
had,1
us,1
had,1
us,1
were,1
going,1
were,1
going,1
way,1
short,1
some,1
insisted,1
only,1
there,1
were,1
plain,1
face,1
there,1
were,1
fair,1
face,1
clearer,1
than,1
state,1
fishes,1
were,1
ever,1
our,1
lord,1
one,1
seven,1
seventyfive,1
were,1
this,1
mrs,1
had,1
blessed,1
prophetic,1
had,1
sublime,1
appearance,1
were,1
had,1
only,1
round,1
after,1
rapping,1
spirits,1
this,1
theirs,1
mere,1
had,1
lately,1
english,1
crown,1
people,1
british,1
proved,1
race,1
than,1
