by,1
book,1
the,1
life,1
the,1
the,1
the,1
the,1
the,1
the,1
the,1
the,1
light,1
the,1
the,1
the,1
winter,1
we,1
everything,1
we,1
we,1
we,1
the,1
other,1
in,1
the,1
like,1
the,1
its,1
authorities,1
its,1
for,1
or,1
for,1
evil,1
in,1
the,1
comparison,1
king,1
jaw,1
queen,1
the,1
king,1
jaw,1
queen,1
the,1
france,1
in,1
both,1
the,1
the,1
preserves,1
things,1
in,1
for,1
the,1
spiritual,1
favoured,1
as,1
attained,1
her,1
birthday,1
whom,1
in,1
the,1
life,1
the,1
by,1
made,1
for,1
the,1
london,1
the,1
cocklane,1
ghost,1
laid,1
years,1
its,1
as,1
the,1
in,1
originality,1
rapped,1
in,1
the,1
earthly,1
order,1
events,1
the,1
congress,1
in,1
which,1
have,1
the,1
